<?xml version="1.0" encoding="UTF-8"?>
<!-- Generated by org.testng.reporters.JUnitXMLReporter -->
<testsuite ignored="0" hostname="LAPTOP-OB53OND9" failures="0" tests="12" name="LambdaTest" time="0.095" errors="0" timestamp="2024-06-29T20:57:43 IST">
  <testcase classname="Testscripts.TestScenario2" name="@BeforeMethod setup" time="-1.719674863023E9">
    <failure type="org.testng.TestNGException" message="
Parameter &amp;apos;browserName&amp;apos; is required by BeforeMethod on method setup but has not been marked @Optional or defined
in C:\Users\soora\eclipse-workspace\LamdatestExamAssignmentTask\Lamdatestng.xml">
      <![CDATA[org.testng.TestNGException: 
Parameter 'browserName' is required by BeforeMethod on method setup but has not been marked @Optional or defined
in C:\Users\soora\eclipse-workspace\LamdatestExamAssignmentTask\Lamdatestng.xml
at java.base/java.util.concurrent.Executors$RunnableAdapter.call(Executors.java:539)
at java.base/java.util.concurrent.FutureTask.run(FutureTask.java:264)
at java.base/java.util.concurrent.ThreadPoolExecutor.runWorker(ThreadPoolExecutor.java:1136)
at java.base/java.util.concurrent.ThreadPoolExecutor$Worker.run(ThreadPoolExecutor.java:635)
at java.base/java.lang.Thread.run(Thread.java:833)
... Removed 14 stack frames]]>
    </failure>
  </testcase> <!-- @BeforeMethod setup -->
  <testcase classname="Testscripts.TestScenario1" name="@BeforeMethod setup" time="-1.719674863023E9">
    <failure type="org.testng.TestNGException" message="
Parameter &amp;apos;browserName&amp;apos; is required by BeforeMethod on method setup but has not been marked @Optional or defined
in C:\Users\soora\eclipse-workspace\LamdatestExamAssignmentTask\Lamdatestng.xml">
      <![CDATA[org.testng.TestNGException: 
Parameter 'browserName' is required by BeforeMethod on method setup but has not been marked @Optional or defined
in C:\Users\soora\eclipse-workspace\LamdatestExamAssignmentTask\Lamdatestng.xml
at java.base/java.util.concurrent.Executors$RunnableAdapter.call(Executors.java:539)
at java.base/java.util.concurrent.FutureTask.run(FutureTask.java:264)
at java.base/java.util.concurrent.ThreadPoolExecutor.runWorker(ThreadPoolExecutor.java:1136)
at java.base/java.util.concurrent.ThreadPoolExecutor$Worker.run(ThreadPoolExecutor.java:635)
at java.base/java.lang.Thread.run(Thread.java:833)
... Removed 14 stack frames]]>
    </failure>
  </testcase> <!-- @BeforeMethod setup -->
  <testcase classname="Testscripts.testScenario3" name="@BeforeMethod setup" time="-1.719674863023E9">
    <failure type="org.testng.TestNGException" message="
Parameter &amp;apos;browserName&amp;apos; is required by BeforeMethod on method setup but has not been marked @Optional or defined
in C:\Users\soora\eclipse-workspace\LamdatestExamAssignmentTask\Lamdatestng.xml">
      <![CDATA[org.testng.TestNGException: 
Parameter 'browserName' is required by BeforeMethod on method setup but has not been marked @Optional or defined
in C:\Users\soora\eclipse-workspace\LamdatestExamAssignmentTask\Lamdatestng.xml
at java.base/java.util.concurrent.Executors$RunnableAdapter.call(Executors.java:539)
at java.base/java.util.concurrent.FutureTask.run(FutureTask.java:264)
at java.base/java.util.concurrent.ThreadPoolExecutor.runWorker(ThreadPoolExecutor.java:1136)
at java.base/java.util.concurrent.ThreadPoolExecutor$Worker.run(ThreadPoolExecutor.java:635)
at java.base/java.lang.Thread.run(Thread.java:833)
... Removed 14 stack frames]]>
    </failure>
  </testcase> <!-- @BeforeMethod setup -->
  <testcase classname="Testscripts.TestScenario2" name="@AfterMethod tearDown" time="0.0">
    <skipped/>
  </testcase> <!-- @AfterMethod tearDown -->
  <testcase classname="Testscripts.TestScenario1" name="@AfterMethod tearDown" time="0.0">
    <skipped/>
  </testcase> <!-- @AfterMethod tearDown -->
  <testcase classname="Testscripts.TestScenario2" name="@BeforeMethod setup" time="0.0">
    <skipped/>
  </testcase> <!-- @BeforeMethod setup -->
  <testcase classname="Testscripts.testScenario3" name="@AfterMethod tearDown" time="0.0">
    <skipped/>
  </testcase> <!-- @AfterMethod tearDown -->
  <testcase classname="Testscripts.TestScenario1" name="@BeforeMethod setup" time="0.0">
    <skipped/>
  </testcase> <!-- @BeforeMethod setup -->
  <testcase classname="Testscripts.testScenario3" name="@BeforeMethod setup" time="0.0">
    <skipped/>
  </testcase> <!-- @BeforeMethod setup -->
  <testcase classname="Testscripts.TestScenario2" name="@AfterMethod tearDown" time="0.0">
    <skipped/>
  </testcase> <!-- @AfterMethod tearDown -->
  <testcase classname="Testscripts.TestScenario2" name="@BeforeMethod setup" time="0.0">
    <skipped/>
  </testcase> <!-- @BeforeMethod setup -->
  <testcase classname="Testscripts.testScenario3" name="@AfterMethod tearDown" time="0.0">
    <skipped/>
  </testcase> <!-- @AfterMethod tearDown -->
  <testcase classname="Testscripts.TestScenario1" name="@AfterMethod tearDown" time="0.0">
    <skipped/>
  </testcase> <!-- @AfterMethod tearDown -->
  <testcase classname="Testscripts.testScenario3" name="@BeforeMethod setup" time="0.0">
    <skipped/>
  </testcase> <!-- @BeforeMethod setup -->
  <testcase classname="Testscripts.TestScenario2" name="@AfterMethod tearDown" time="0.0">
    <skipped/>
  </testcase> <!-- @AfterMethod tearDown -->
  <testcase classname="Testscripts.TestScenario1" name="@BeforeMethod setup" time="0.0">
    <skipped/>
  </testcase> <!-- @BeforeMethod setup -->
  <testcase classname="Testscripts.TestScenario2" name="@BeforeMethod setup" time="0.0">
    <skipped/>
  </testcase> <!-- @BeforeMethod setup -->
  <testcase classname="Testscripts.testScenario3" name="@AfterMethod tearDown" time="0.0">
    <skipped/>
  </testcase> <!-- @AfterMethod tearDown -->
  <testcase classname="Testscripts.testScenario3" name="@BeforeMethod setup" time="0.0">
    <skipped/>
  </testcase> <!-- @BeforeMethod setup -->
  <testcase classname="Testscripts.TestScenario1" name="@AfterMethod tearDown" time="0.0">
    <skipped/>
  </testcase> <!-- @AfterMethod tearDown -->
  <testcase classname="Testscripts.TestScenario2" name="@AfterMethod tearDown" time="0.0">
    <skipped/>
  </testcase> <!-- @AfterMethod tearDown -->
  <testcase classname="Testscripts.TestScenario1" name="@BeforeMethod setup" time="0.0">
    <skipped/>
  </testcase> <!-- @BeforeMethod setup -->
  <testcase classname="Testscripts.testScenario3" name="@AfterMethod tearDown" time="0.0">
    <skipped/>
  </testcase> <!-- @AfterMethod tearDown -->
  <testcase classname="Testscripts.TestScenario1" name="@AfterMethod tearDown" time="0.0">
    <skipped/>
  </testcase> <!-- @AfterMethod tearDown -->
  <testcase classname="Testscripts.TestScenario1" name="initializeTestScenario" time="0.0">
    <skipped/>
  </testcase> <!-- initializeTestScenario -->
  <testcase classname="Testscripts.TestScenario2" name="initializeTestScenario" time="0.0">
    <skipped/>
  </testcase> <!-- initializeTestScenario -->
  <testcase classname="Testscripts.testScenario3" name="initializeTestScenario" time="0.0">
    <skipped/>
  </testcase> <!-- initializeTestScenario -->
  <testcase classname="Testscripts.TestScenario2" name="initializeTestScenario" time="0.0">
    <skipped/>
  </testcase> <!-- initializeTestScenario -->
  <testcase classname="Testscripts.testScenario3" name="initializeTestScenario" time="0.001">
    <skipped/>
  </testcase> <!-- initializeTestScenario -->
  <testcase classname="Testscripts.TestScenario1" name="initializeTestScenario" time="0.0">
    <skipped/>
  </testcase> <!-- initializeTestScenario -->
  <testcase classname="Testscripts.TestScenario2" name="initializeTestScenario" time="0.0">
    <skipped/>
  </testcase> <!-- initializeTestScenario -->
  <testcase classname="Testscripts.testScenario3" name="initializeTestScenario" time="0.0">
    <skipped/>
  </testcase> <!-- initializeTestScenario -->
  <testcase classname="Testscripts.TestScenario1" name="initializeTestScenario" time="0.0">
    <skipped/>
  </testcase> <!-- initializeTestScenario -->
  <testcase classname="Testscripts.TestScenario2" name="initializeTestScenario" time="0.0">
    <skipped/>
  </testcase> <!-- initializeTestScenario -->
  <testcase classname="Testscripts.testScenario3" name="initializeTestScenario" time="0.0">
    <skipped/>
  </testcase> <!-- initializeTestScenario -->
  <testcase classname="Testscripts.TestScenario1" name="initializeTestScenario" time="0.0">
    <skipped/>
  </testcase> <!-- initializeTestScenario -->
</testsuite> <!-- LambdaTest -->
