<!DOCTYPE html>

<html>
  <head>
  <meta charset='utf-8'>
  <title>TestNG reports</title>

    <link type="text/css" href="testng-reports1.css" rel="stylesheet" id="ultra" />
    <link type="text/css" href="testng-reports.css" rel="stylesheet" id="retro" disabled="false"/>
    <script type="text/javascript" src="jquery-3.6.0.min.js"></script>
    <script type="text/javascript" src="testng-reports.js"></script>
    <script type="text/javascript" src="https://www.google.com/jsapi"></script>
    <script type='text/javascript'>
      google.load('visualization', '1', {packages:['table']});
      google.setOnLoadCallback(drawTable);
      var suiteTableInitFunctions = new Array();
      var suiteTableData = new Array();
    </script>
    <!--
      <script type="text/javascript" src="jquery-ui/js/jquery-ui-1.8.16.custom.min.js"></script>
     -->
  </head>

  <body>    <div class="top-banner-root">
      <span class="top-banner-title-font">Test results</span>
      <button id="button" class="button">Switch Retro Theme</button> <!-- button -->
      <br/>
      <span class="top-banner-font-1">1 suite</span>
    </div> <!-- top-banner-root -->
    <div class="navigator-root">
      <div class="navigator-suite-header">
        <span>All suites</span>
        <a href="#" title="Collapse/expand all the suites" class="collapse-all-link">
          <img src="collapseall.gif" class="collapse-all-icon">
          </img> <!-- collapse-all-icon -->
        </a> <!-- collapse-all-link -->
      </div> <!-- navigator-suite-header -->
      <div class="suite">
        <div class="rounded-window">
          <div class="suite-header light-rounded-window-top">
            <a href="#" panel-name="suite-Suite" class="navigator-link">
              <span class="suite-name border-skipped">Suite</span>
            </a> <!-- navigator-link -->
          </div> <!-- suite-header light-rounded-window-top -->
          <div class="navigator-suite-content">
            <div class="suite-section-title">
              <span>Info</span>
            </div> <!-- suite-section-title -->
            <div class="suite-section-content">
              <ul>
                <li>
                  <a href="#" panel-name="test-xml-Suite" class="navigator-link ">
                    <span>C:\Users\soora\eclipse-workspace\LamdatestExamAssignmentTask\Lamdatestng.xml</span>
                  </a> <!-- navigator-link  -->
                </li>
                <li>
                  <a href="#" panel-name="testlist-Suite" class="navigator-link ">
                    <span class="test-stats">1 test</span>
                  </a> <!-- navigator-link  -->
                </li>
                <li>
                  <a href="#" panel-name="group-Suite" class="navigator-link ">
                    <span>0 groups</span>
                  </a> <!-- navigator-link  -->
                </li>
                <li>
                  <a href="#" panel-name="times-Suite" class="navigator-link ">
                    <span>Times</span>
                  </a> <!-- navigator-link  -->
                </li>
                <li>
                  <a href="#" panel-name="reporter-Suite" class="navigator-link ">
                    <span>Reporter output</span>
                  </a> <!-- navigator-link  -->
                </li>
                <li>
                  <a href="#" panel-name="ignored-methods-Suite" class="navigator-link ">
                    <span>Ignored methods</span>
                  </a> <!-- navigator-link  -->
                </li>
                <li>
                  <a href="#" panel-name="chronological-Suite" class="navigator-link ">
                    <span>Chronological view</span>
                  </a> <!-- navigator-link  -->
                </li>
              </ul>
            </div> <!-- suite-section-content -->
            <div class="result-section">
              <div class="suite-section-title">
                <span>Results</span>
              </div> <!-- suite-section-title -->
              <div class="suite-section-content">
                <ul>
                  <li>
                    <span class="method-stats">12 methods,  12 skipped,  </span>
                  </li>
                  <li>
                    <span class="method-list-title skipped">Skipped methods</span>
                    <span class="show-or-hide-methods skipped">
                      <a href="#" panel-name="suite-Suite" class="hide-methods skipped suite-Suite"> (hide)</a> <!-- hide-methods skipped suite-Suite -->
                      <a href="#" panel-name="suite-Suite" class="show-methods skipped suite-Suite"> (show)</a> <!-- show-methods skipped suite-Suite -->
                    </span>
                    <div class="method-list-content skipped suite-Suite">
                      <span>
                        <img src="skipped.png" width="3%"/>
                        <a href="#" panel-name="suite-Suite" title="Testscripts.testScenario3" class="method navigator-link" hash-for-method="initializeTestScenario(MicrosoftEdge, 87.0, macOS Sierra)">initializeTestScenario(MicrosoftEdge, 87.0, macOS Sierra)</a> <!-- method navigator-link -->
                      </span>
                      <br/>
                      <span>
                        <img src="skipped.png" width="3%"/>
                        <a href="#" panel-name="suite-Suite" title="Testscripts.testScenario3" class="method navigator-link" hash-for-method="initializeTestScenario(Internet Explorer, 11.0, Windows 10)">initializeTestScenario(Internet Explorer, 11.0, Windows 10)</a> <!-- method navigator-link -->
                      </span>
                      <br/>
                      <span>
                        <img src="skipped.png" width="3%"/>
                        <a href="#" panel-name="suite-Suite" title="Testscripts.TestScenario1" class="method navigator-link" hash-for-method="initializeTestScenario(Firefox, 82.0, Windows 7)">initializeTestScenario(Firefox, 82.0, Windows 7)</a> <!-- method navigator-link -->
                      </span>
                      <br/>
                      <span>
                        <img src="skipped.png" width="3%"/>
                        <a href="#" panel-name="suite-Suite" title="Testscripts.TestScenario2" class="method navigator-link" hash-for-method="initializeTestScenario(Internet Explorer, 11.0, Windows 10)">initializeTestScenario(Internet Explorer, 11.0, Windows 10)</a> <!-- method navigator-link -->
                      </span>
                      <br/>
                      <span>
                        <img src="skipped.png" width="3%"/>
                        <a href="#" panel-name="suite-Suite" title="Testscripts.TestScenario2" class="method navigator-link" hash-for-method="initializeTestScenario(Firefox, 82.0, Windows 7)">initializeTestScenario(Firefox, 82.0, Windows 7)</a> <!-- method navigator-link -->
                      </span>
                      <br/>
                      <span>
                        <img src="skipped.png" width="3%"/>
                        <a href="#" panel-name="suite-Suite" title="Testscripts.TestScenario1" class="method navigator-link" hash-for-method="initializeTestScenario(MicrosoftEdge, 87.0, macOS Sierra)">initializeTestScenario(MicrosoftEdge, 87.0, macOS Sierra)</a> <!-- method navigator-link -->
                      </span>
                      <br/>
                      <span>
                        <img src="skipped.png" width="3%"/>
                        <a href="#" panel-name="suite-Suite" title="Testscripts.testScenario3" class="method navigator-link" hash-for-method="initializeTestScenario(Firefox, 82.0, Windows 7)">initializeTestScenario(Firefox, 82.0, Windows 7)</a> <!-- method navigator-link -->
                      </span>
                      <br/>
                      <span>
                        <img src="skipped.png" width="3%"/>
                        <a href="#" panel-name="suite-Suite" title="Testscripts.TestScenario1" class="method navigator-link" hash-for-method="initializeTestScenario(Internet Explorer, 11.0, Windows 10)">initializeTestScenario(Internet Explorer, 11.0, Windows 10)</a> <!-- method navigator-link -->
                      </span>
                      <br/>
                      <span>
                        <img src="skipped.png" width="3%"/>
                        <a href="#" panel-name="suite-Suite" title="Testscripts.TestScenario2" class="method navigator-link" hash-for-method="initializeTestScenario(MicrosoftEdge, 87.0, macOS Sierra)">initializeTestScenario(MicrosoftEdge, 87.0, macOS Sierra)</a> <!-- method navigator-link -->
                      </span>
                      <br/>
                      <span>
                        <img src="skipped.png" width="3%"/>
                        <a href="#" panel-name="suite-Suite" title="Testscripts.TestScenario2" class="method navigator-link" hash-for-method="initializeTestScenario(Chrome, 88.0, Windows 10)">initializeTestScenario(Chrome, 88.0, Windows 10)</a> <!-- method navigator-link -->
                      </span>
                      <br/>
                      <span>
                        <img src="skipped.png" width="3%"/>
                        <a href="#" panel-name="suite-Suite" title="Testscripts.testScenario3" class="method navigator-link" hash-for-method="initializeTestScenario(Chrome, 88.0, Windows 10)">initializeTestScenario(Chrome, 88.0, Windows 10)</a> <!-- method navigator-link -->
                      </span>
                      <br/>
                      <span>
                        <img src="skipped.png" width="3%"/>
                        <a href="#" panel-name="suite-Suite" title="Testscripts.TestScenario1" class="method navigator-link" hash-for-method="initializeTestScenario(Chrome, 88.0, Windows 10)">initializeTestScenario(Chrome, 88.0, Windows 10)</a> <!-- method navigator-link -->
                      </span>
                      <br/>
                    </div> <!-- method-list-content skipped suite-Suite -->
                  </li>
                </ul>
              </div> <!-- suite-section-content -->
            </div> <!-- result-section -->
          </div> <!-- navigator-suite-content -->
        </div> <!-- rounded-window -->
      </div> <!-- suite -->
    </div> <!-- navigator-root -->
    <div class="wrapper">
      <div class="main-panel-root">
        <div panel-name="suite-Suite" class="panel Suite">
          <div class="suite-Suite-class-skipped">
            <div class="main-panel-header rounded-window-top">
              <img src="skipped.png"/>
              <span class="class-name">Testscripts.TestScenario1</span>
            </div> <!-- main-panel-header rounded-window-top -->
            <div class="main-panel-content rounded-window-bottom">
              <div class="method">
                <div class="method-content">
                  <a name="initializeTestScenario(Firefox, 82.0, Windows 7)">
                  </a> <!-- initializeTestScenario(Firefox, 82.0, Windows 7) -->
                  <span class="method-name">initializeTestScenario</span>
                  <span class="parameters">(Firefox,82.0,Windows 7)</span>
                  <div class="stack-trace">org.testng.TestNGException: 
Parameter &apos;browserName&apos; is required by BeforeMethod on method setup but has not been marked @Optional or defined
in C:\Users\soora\eclipse-workspace\LamdatestExamAssignmentTask\Lamdatestng.xml
	at java.base/java.util.concurrent.Executors$RunnableAdapter.call(Executors.java:539)
	at java.base/java.util.concurrent.FutureTask.run(FutureTask.java:264)
	at java.base/java.util.concurrent.ThreadPoolExecutor.runWorker(ThreadPoolExecutor.java:1136)
	at java.base/java.util.concurrent.ThreadPoolExecutor$Worker.run(ThreadPoolExecutor.java:635)
	at java.base/java.lang.Thread.run(Thread.java:833)
... Removed 14 stack frames
</div> <!-- stack-trace -->
                </div> <!-- method-content -->
              </div> <!-- method -->
              <div class="method">
                <div class="method-content">
                  <a name="initializeTestScenario(MicrosoftEdge, 87.0, macOS Sierra)">
                  </a> <!-- initializeTestScenario(MicrosoftEdge, 87.0, macOS Sierra) -->
                  <span class="method-name">initializeTestScenario</span>
                  <span class="parameters">(MicrosoftEdge,87.0,macOS Sierra)</span>
                  <div class="stack-trace">org.testng.TestNGException: 
Parameter &apos;browserName&apos; is required by BeforeMethod on method setup but has not been marked @Optional or defined
in C:\Users\soora\eclipse-workspace\LamdatestExamAssignmentTask\Lamdatestng.xml
	at java.base/java.util.concurrent.Executors$RunnableAdapter.call(Executors.java:539)
	at java.base/java.util.concurrent.FutureTask.run(FutureTask.java:264)
	at java.base/java.util.concurrent.ThreadPoolExecutor.runWorker(ThreadPoolExecutor.java:1136)
	at java.base/java.util.concurrent.ThreadPoolExecutor$Worker.run(ThreadPoolExecutor.java:635)
	at java.base/java.lang.Thread.run(Thread.java:833)
... Removed 14 stack frames
</div> <!-- stack-trace -->
                </div> <!-- method-content -->
              </div> <!-- method -->
              <div class="method">
                <div class="method-content">
                  <a name="initializeTestScenario(Internet Explorer, 11.0, Windows 10)">
                  </a> <!-- initializeTestScenario(Internet Explorer, 11.0, Windows 10) -->
                  <span class="method-name">initializeTestScenario</span>
                  <span class="parameters">(Internet Explorer,11.0,Windows 10)</span>
                  <div class="stack-trace">org.testng.TestNGException: 
Parameter &apos;browserName&apos; is required by BeforeMethod on method setup but has not been marked @Optional or defined
in C:\Users\soora\eclipse-workspace\LamdatestExamAssignmentTask\Lamdatestng.xml
	at java.base/java.util.concurrent.Executors$RunnableAdapter.call(Executors.java:539)
	at java.base/java.util.concurrent.FutureTask.run(FutureTask.java:264)
	at java.base/java.util.concurrent.ThreadPoolExecutor.runWorker(ThreadPoolExecutor.java:1136)
	at java.base/java.util.concurrent.ThreadPoolExecutor$Worker.run(ThreadPoolExecutor.java:635)
	at java.base/java.lang.Thread.run(Thread.java:833)
... Removed 14 stack frames
</div> <!-- stack-trace -->
                </div> <!-- method-content -->
              </div> <!-- method -->
              <div class="method">
                <div class="method-content">
                  <a name="initializeTestScenario(Chrome, 88.0, Windows 10)">
                  </a> <!-- initializeTestScenario(Chrome, 88.0, Windows 10) -->
                  <span class="method-name">initializeTestScenario</span>
                  <span class="parameters">(Chrome,88.0,Windows 10)</span>
                  <div class="stack-trace">org.testng.TestNGException: 
Parameter &apos;browserName&apos; is required by BeforeMethod on method setup but has not been marked @Optional or defined
in C:\Users\soora\eclipse-workspace\LamdatestExamAssignmentTask\Lamdatestng.xml
	at java.base/java.util.concurrent.Executors$RunnableAdapter.call(Executors.java:539)
	at java.base/java.util.concurrent.FutureTask.run(FutureTask.java:264)
	at java.base/java.util.concurrent.ThreadPoolExecutor.runWorker(ThreadPoolExecutor.java:1136)
	at java.base/java.util.concurrent.ThreadPoolExecutor$Worker.run(ThreadPoolExecutor.java:635)
	at java.base/java.lang.Thread.run(Thread.java:833)
... Removed 14 stack frames
</div> <!-- stack-trace -->
                </div> <!-- method-content -->
              </div> <!-- method -->
            </div> <!-- main-panel-content rounded-window-bottom -->
          </div> <!-- suite-Suite-class-skipped -->
          <div class="suite-Suite-class-skipped">
            <div class="main-panel-header rounded-window-top">
              <img src="skipped.png"/>
              <span class="class-name">Testscripts.TestScenario2</span>
            </div> <!-- main-panel-header rounded-window-top -->
            <div class="main-panel-content rounded-window-bottom">
              <div class="method">
                <div class="method-content">
                  <a name="initializeTestScenario(Internet Explorer, 11.0, Windows 10)">
                  </a> <!-- initializeTestScenario(Internet Explorer, 11.0, Windows 10) -->
                  <span class="method-name">initializeTestScenario</span>
                  <span class="parameters">(Internet Explorer,11.0,Windows 10)</span>
                  <div class="stack-trace">org.testng.TestNGException: 
Parameter &apos;browserName&apos; is required by BeforeMethod on method setup but has not been marked @Optional or defined
in C:\Users\soora\eclipse-workspace\LamdatestExamAssignmentTask\Lamdatestng.xml
	at java.base/java.util.concurrent.Executors$RunnableAdapter.call(Executors.java:539)
	at java.base/java.util.concurrent.FutureTask.run(FutureTask.java:264)
	at java.base/java.util.concurrent.ThreadPoolExecutor.runWorker(ThreadPoolExecutor.java:1136)
	at java.base/java.util.concurrent.ThreadPoolExecutor$Worker.run(ThreadPoolExecutor.java:635)
	at java.base/java.lang.Thread.run(Thread.java:833)
... Removed 14 stack frames
</div> <!-- stack-trace -->
                </div> <!-- method-content -->
              </div> <!-- method -->
              <div class="method">
                <div class="method-content">
                  <a name="initializeTestScenario(Firefox, 82.0, Windows 7)">
                  </a> <!-- initializeTestScenario(Firefox, 82.0, Windows 7) -->
                  <span class="method-name">initializeTestScenario</span>
                  <span class="parameters">(Firefox,82.0,Windows 7)</span>
                  <div class="stack-trace">org.testng.TestNGException: 
Parameter &apos;browserName&apos; is required by BeforeMethod on method setup but has not been marked @Optional or defined
in C:\Users\soora\eclipse-workspace\LamdatestExamAssignmentTask\Lamdatestng.xml
	at java.base/java.util.concurrent.Executors$RunnableAdapter.call(Executors.java:539)
	at java.base/java.util.concurrent.FutureTask.run(FutureTask.java:264)
	at java.base/java.util.concurrent.ThreadPoolExecutor.runWorker(ThreadPoolExecutor.java:1136)
	at java.base/java.util.concurrent.ThreadPoolExecutor$Worker.run(ThreadPoolExecutor.java:635)
	at java.base/java.lang.Thread.run(Thread.java:833)
... Removed 14 stack frames
</div> <!-- stack-trace -->
                </div> <!-- method-content -->
              </div> <!-- method -->
              <div class="method">
                <div class="method-content">
                  <a name="initializeTestScenario(MicrosoftEdge, 87.0, macOS Sierra)">
                  </a> <!-- initializeTestScenario(MicrosoftEdge, 87.0, macOS Sierra) -->
                  <span class="method-name">initializeTestScenario</span>
                  <span class="parameters">(MicrosoftEdge,87.0,macOS Sierra)</span>
                  <div class="stack-trace">org.testng.TestNGException: 
Parameter &apos;browserName&apos; is required by BeforeMethod on method setup but has not been marked @Optional or defined
in C:\Users\soora\eclipse-workspace\LamdatestExamAssignmentTask\Lamdatestng.xml
	at java.base/java.util.concurrent.Executors$RunnableAdapter.call(Executors.java:539)
	at java.base/java.util.concurrent.FutureTask.run(FutureTask.java:264)
	at java.base/java.util.concurrent.ThreadPoolExecutor.runWorker(ThreadPoolExecutor.java:1136)
	at java.base/java.util.concurrent.ThreadPoolExecutor$Worker.run(ThreadPoolExecutor.java:635)
	at java.base/java.lang.Thread.run(Thread.java:833)
... Removed 14 stack frames
</div> <!-- stack-trace -->
                </div> <!-- method-content -->
              </div> <!-- method -->
              <div class="method">
                <div class="method-content">
                  <a name="initializeTestScenario(Chrome, 88.0, Windows 10)">
                  </a> <!-- initializeTestScenario(Chrome, 88.0, Windows 10) -->
                  <span class="method-name">initializeTestScenario</span>
                  <span class="parameters">(Chrome,88.0,Windows 10)</span>
                  <div class="stack-trace">org.testng.TestNGException: 
Parameter &apos;browserName&apos; is required by BeforeMethod on method setup but has not been marked @Optional or defined
in C:\Users\soora\eclipse-workspace\LamdatestExamAssignmentTask\Lamdatestng.xml
	at java.base/java.util.concurrent.Executors$RunnableAdapter.call(Executors.java:539)
	at java.base/java.util.concurrent.FutureTask.run(FutureTask.java:264)
	at java.base/java.util.concurrent.ThreadPoolExecutor.runWorker(ThreadPoolExecutor.java:1136)
	at java.base/java.util.concurrent.ThreadPoolExecutor$Worker.run(ThreadPoolExecutor.java:635)
	at java.base/java.lang.Thread.run(Thread.java:833)
... Removed 14 stack frames
</div> <!-- stack-trace -->
                </div> <!-- method-content -->
              </div> <!-- method -->
            </div> <!-- main-panel-content rounded-window-bottom -->
          </div> <!-- suite-Suite-class-skipped -->
          <div class="suite-Suite-class-skipped">
            <div class="main-panel-header rounded-window-top">
              <img src="skipped.png"/>
              <span class="class-name">Testscripts.testScenario3</span>
            </div> <!-- main-panel-header rounded-window-top -->
            <div class="main-panel-content rounded-window-bottom">
              <div class="method">
                <div class="method-content">
                  <a name="initializeTestScenario(MicrosoftEdge, 87.0, macOS Sierra)">
                  </a> <!-- initializeTestScenario(MicrosoftEdge, 87.0, macOS Sierra) -->
                  <span class="method-name">initializeTestScenario</span>
                  <span class="parameters">(MicrosoftEdge,87.0,macOS Sierra)</span>
                  <div class="stack-trace">org.testng.TestNGException: 
Parameter &apos;browserName&apos; is required by BeforeMethod on method setup but has not been marked @Optional or defined
in C:\Users\soora\eclipse-workspace\LamdatestExamAssignmentTask\Lamdatestng.xml
	at java.base/java.util.concurrent.Executors$RunnableAdapter.call(Executors.java:539)
	at java.base/java.util.concurrent.FutureTask.run(FutureTask.java:264)
	at java.base/java.util.concurrent.ThreadPoolExecutor.runWorker(ThreadPoolExecutor.java:1136)
	at java.base/java.util.concurrent.ThreadPoolExecutor$Worker.run(ThreadPoolExecutor.java:635)
	at java.base/java.lang.Thread.run(Thread.java:833)
... Removed 14 stack frames
</div> <!-- stack-trace -->
                </div> <!-- method-content -->
              </div> <!-- method -->
              <div class="method">
                <div class="method-content">
                  <a name="initializeTestScenario(Internet Explorer, 11.0, Windows 10)">
                  </a> <!-- initializeTestScenario(Internet Explorer, 11.0, Windows 10) -->
                  <span class="method-name">initializeTestScenario</span>
                  <span class="parameters">(Internet Explorer,11.0,Windows 10)</span>
                  <div class="stack-trace">org.testng.TestNGException: 
Parameter &apos;browserName&apos; is required by BeforeMethod on method setup but has not been marked @Optional or defined
in C:\Users\soora\eclipse-workspace\LamdatestExamAssignmentTask\Lamdatestng.xml
	at java.base/java.util.concurrent.Executors$RunnableAdapter.call(Executors.java:539)
	at java.base/java.util.concurrent.FutureTask.run(FutureTask.java:264)
	at java.base/java.util.concurrent.ThreadPoolExecutor.runWorker(ThreadPoolExecutor.java:1136)
	at java.base/java.util.concurrent.ThreadPoolExecutor$Worker.run(ThreadPoolExecutor.java:635)
	at java.base/java.lang.Thread.run(Thread.java:833)
... Removed 14 stack frames
</div> <!-- stack-trace -->
                </div> <!-- method-content -->
              </div> <!-- method -->
              <div class="method">
                <div class="method-content">
                  <a name="initializeTestScenario(Firefox, 82.0, Windows 7)">
                  </a> <!-- initializeTestScenario(Firefox, 82.0, Windows 7) -->
                  <span class="method-name">initializeTestScenario</span>
                  <span class="parameters">(Firefox,82.0,Windows 7)</span>
                  <div class="stack-trace">org.testng.TestNGException: 
Parameter &apos;browserName&apos; is required by BeforeMethod on method setup but has not been marked @Optional or defined
in C:\Users\soora\eclipse-workspace\LamdatestExamAssignmentTask\Lamdatestng.xml
	at java.base/java.util.concurrent.Executors$RunnableAdapter.call(Executors.java:539)
	at java.base/java.util.concurrent.FutureTask.run(FutureTask.java:264)
	at java.base/java.util.concurrent.ThreadPoolExecutor.runWorker(ThreadPoolExecutor.java:1136)
	at java.base/java.util.concurrent.ThreadPoolExecutor$Worker.run(ThreadPoolExecutor.java:635)
	at java.base/java.lang.Thread.run(Thread.java:833)
... Removed 14 stack frames
</div> <!-- stack-trace -->
                </div> <!-- method-content -->
              </div> <!-- method -->
              <div class="method">
                <div class="method-content">
                  <a name="initializeTestScenario(Chrome, 88.0, Windows 10)">
                  </a> <!-- initializeTestScenario(Chrome, 88.0, Windows 10) -->
                  <span class="method-name">initializeTestScenario</span>
                  <span class="parameters">(Chrome,88.0,Windows 10)</span>
                  <div class="stack-trace">org.testng.TestNGException: 
Parameter &apos;browserName&apos; is required by BeforeMethod on method setup but has not been marked @Optional or defined
in C:\Users\soora\eclipse-workspace\LamdatestExamAssignmentTask\Lamdatestng.xml
	at java.base/java.util.concurrent.Executors$RunnableAdapter.call(Executors.java:539)
	at java.base/java.util.concurrent.FutureTask.run(FutureTask.java:264)
	at java.base/java.util.concurrent.ThreadPoolExecutor.runWorker(ThreadPoolExecutor.java:1136)
	at java.base/java.util.concurrent.ThreadPoolExecutor$Worker.run(ThreadPoolExecutor.java:635)
	at java.base/java.lang.Thread.run(Thread.java:833)
... Removed 14 stack frames
</div> <!-- stack-trace -->
                </div> <!-- method-content -->
              </div> <!-- method -->
            </div> <!-- main-panel-content rounded-window-bottom -->
          </div> <!-- suite-Suite-class-skipped -->
        </div> <!-- panel Suite -->
        <div panel-name="test-xml-Suite" class="panel">
          <div class="main-panel-header rounded-window-top">
            <span class="header-content">C:\Users\soora\eclipse-workspace\LamdatestExamAssignmentTask\Lamdatestng.xml</span>
          </div> <!-- main-panel-header rounded-window-top -->
          <div class="main-panel-content rounded-window-bottom">
            <pre>
&lt;?xml version=&quot;1.0&quot; encoding=&quot;UTF-8&quot;?&gt;
&lt;!DOCTYPE suite SYSTEM &quot;https://testng.org/testng-1.0.dtd&quot;&gt;
&lt;suite thread-count=&quot;9&quot; parallel=&quot;classes&quot; name=&quot;Suite&quot; guice-stage=&quot;DEVELOPMENT&quot;&gt;
  &lt;test thread-count=&quot;9&quot; parallel=&quot;classes&quot; name=&quot;LambdaTest&quot;&gt;
    &lt;classes&gt;
      &lt;class name=&quot;Testscripts.TestScenario1&quot;/&gt;
      &lt;class name=&quot;Testscripts.TestScenario2&quot;/&gt;
      &lt;class name=&quot;Testscripts.testScenario3&quot;/&gt;
    &lt;/classes&gt;
  &lt;/test&gt; &lt;!-- LambdaTest --&gt;
&lt;/suite&gt; &lt;!-- Suite --&gt;
            </pre>
          </div> <!-- main-panel-content rounded-window-bottom -->
        </div> <!-- panel -->
        <div panel-name="testlist-Suite" class="panel">
          <div class="main-panel-header rounded-window-top">
            <span class="header-content">Tests for Suite</span>
          </div> <!-- main-panel-header rounded-window-top -->
          <div class="main-panel-content rounded-window-bottom">
            <ul>
              <li>
                <span class="test-name">LambdaTest (3 classes)</span>
              </li>
            </ul>
          </div> <!-- main-panel-content rounded-window-bottom -->
        </div> <!-- panel -->
        <div panel-name="group-Suite" class="panel">
          <div class="main-panel-header rounded-window-top">
            <span class="header-content">Groups for Suite</span>
          </div> <!-- main-panel-header rounded-window-top -->
          <div class="main-panel-content rounded-window-bottom">
          </div> <!-- main-panel-content rounded-window-bottom -->
        </div> <!-- panel -->
        <div panel-name="times-Suite" class="panel">
          <div class="main-panel-header rounded-window-top">
            <span class="header-content">Times for Suite</span>
          </div> <!-- main-panel-header rounded-window-top -->
          <div class="main-panel-content rounded-window-bottom">
            <div class="times-div">
              <script type="text/javascript">
suiteTableInitFunctions.push('tableData_Suite');
function tableData_Suite() {
var data = new google.visualization.DataTable();
data.addColumn('number', 'Number');
data.addColumn('string', 'Method');
data.addColumn('string', 'Class');
data.addColumn('number', 'Time (ms)');
data.addRows(12);
data.setCell(0, 0, 0)
data.setCell(0, 1, 'initializeTestScenario')
data.setCell(0, 2, 'Testscripts.testScenario3')
data.setCell(0, 3, 1);
data.setCell(1, 0, 1)
data.setCell(1, 1, 'initializeTestScenario')
data.setCell(1, 2, 'Testscripts.testScenario3')
data.setCell(1, 3, 0);
data.setCell(2, 0, 2)
data.setCell(2, 1, 'initializeTestScenario')
data.setCell(2, 2, 'Testscripts.TestScenario1')
data.setCell(2, 3, 0);
data.setCell(3, 0, 3)
data.setCell(3, 1, 'initializeTestScenario')
data.setCell(3, 2, 'Testscripts.TestScenario2')
data.setCell(3, 3, 0);
data.setCell(4, 0, 4)
data.setCell(4, 1, 'initializeTestScenario')
data.setCell(4, 2, 'Testscripts.TestScenario2')
data.setCell(4, 3, 0);
data.setCell(5, 0, 5)
data.setCell(5, 1, 'initializeTestScenario')
data.setCell(5, 2, 'Testscripts.TestScenario1')
data.setCell(5, 3, 0);
data.setCell(6, 0, 6)
data.setCell(6, 1, 'initializeTestScenario')
data.setCell(6, 2, 'Testscripts.testScenario3')
data.setCell(6, 3, 0);
data.setCell(7, 0, 7)
data.setCell(7, 1, 'initializeTestScenario')
data.setCell(7, 2, 'Testscripts.TestScenario1')
data.setCell(7, 3, 0);
data.setCell(8, 0, 8)
data.setCell(8, 1, 'initializeTestScenario')
data.setCell(8, 2, 'Testscripts.TestScenario2')
data.setCell(8, 3, 0);
data.setCell(9, 0, 9)
data.setCell(9, 1, 'initializeTestScenario')
data.setCell(9, 2, 'Testscripts.TestScenario2')
data.setCell(9, 3, 0);
data.setCell(10, 0, 10)
data.setCell(10, 1, 'initializeTestScenario')
data.setCell(10, 2, 'Testscripts.testScenario3')
data.setCell(10, 3, 0);
data.setCell(11, 0, 11)
data.setCell(11, 1, 'initializeTestScenario')
data.setCell(11, 2, 'Testscripts.TestScenario1')
data.setCell(11, 3, 0);
window.suiteTableData['Suite']= { tableData: data, tableDiv: 'times-div-Suite'}
return data;
}
              </script>
              <span class="suite-total-time">Total running time: 1 ms</span>
              <div id="times-div-Suite">
              </div> <!-- times-div-Suite -->
            </div> <!-- times-div -->
          </div> <!-- main-panel-content rounded-window-bottom -->
        </div> <!-- panel -->
        <div panel-name="reporter-Suite" class="panel">
          <div class="main-panel-header rounded-window-top">
            <span class="header-content">Reporter output for Suite</span>
          </div> <!-- main-panel-header rounded-window-top -->
          <div class="main-panel-content rounded-window-bottom">
          </div> <!-- main-panel-content rounded-window-bottom -->
        </div> <!-- panel -->
        <div panel-name="ignored-methods-Suite" class="panel">
          <div class="main-panel-header rounded-window-top">
            <span class="header-content">0 ignored methods</span>
          </div> <!-- main-panel-header rounded-window-top -->
          <div class="main-panel-content rounded-window-bottom">
          </div> <!-- main-panel-content rounded-window-bottom -->
        </div> <!-- panel -->
        <div panel-name="chronological-Suite" class="panel">
          <div class="main-panel-header rounded-window-top">
            <span class="header-content">Methods in chronological order</span>
          </div> <!-- main-panel-header rounded-window-top -->
          <div class="main-panel-content rounded-window-bottom">
          </div> <!-- main-panel-content rounded-window-bottom -->
        </div> <!-- panel -->
      </div> <!-- main-panel-root -->
    </div> <!-- wrapper -->
  </body>
<script type="text/javascript" src="testng-reports2.js"></script>
</html>
