<?xml version="1.0" encoding="UTF-8"?>
<!-- Generated by org.testng.reporters.JUnitReportReporter -->
<testsuite hostname="LAPTOP-OB53OND9" failures="0" tests="5" name="Testscripts.TestScenario1" time="-1719674880.000" errors="1" timestamp="2024-06-29T20:57:43 IST" skipped="4">
  <testcase classname="Testscripts.TestScenario1" name="initializeTestScenario" time="0.000">
    <skipped/>
  </testcase> <!-- initializeTestScenario -->
  <testcase classname="Testscripts.TestScenario1" name="setup" time="-1719674880.000">
    <error message="
Parameter &#039;browserName&#039; is required by BeforeMethod on method setup but has not been marked @Optional or defined
in C:\Users\soora\eclipse-workspace\LamdatestExamAssignmentTask\Lamdatestng.xml" type="org.testng.TestNGException">
      <![CDATA[org.testng.TestNGException: 
Parameter 'browserName' is required by BeforeMethod on method setup but has not been marked @Optional or defined
in C:\Users\soora\eclipse-workspace\LamdatestExamAssignmentTask\Lamdatestng.xml
at org.testng.internal.Parameters.createParams(Parameters.java:264)
at org.testng.internal.Parameters.createParametersForMethod(Parameters.java:352)
at org.testng.internal.Parameters.createParameters(Parameters.java:690)
at org.testng.internal.Parameters.createConfigurationParameters(Parameters.java:163)
at org.testng.internal.invokers.ConfigInvoker.invokeConfigurations(ConfigInvoker.java:313)
at org.testng.internal.invokers.TestInvoker.runConfigMethods(TestInvoker.java:833)
at org.testng.internal.invokers.TestInvoker.invokeMethod(TestInvoker.java:600)
at org.testng.internal.invokers.TestInvoker.invokeTestMethod(TestInvoker.java:230)
at org.testng.internal.invokers.MethodRunner.runInSequence(MethodRunner.java:63)
at org.testng.internal.invokers.TestInvoker$MethodInvocationAgent.invoke(TestInvoker.java:992)
at org.testng.internal.invokers.TestInvoker.invokeTestMethods(TestInvoker.java:203)
at org.testng.internal.invokers.TestMethodWorker.invokeTestMethods(TestMethodWorker.java:154)
at org.testng.internal.invokers.TestMethodWorker.run(TestMethodWorker.java:134)
at java.base/java.util.concurrent.Executors$RunnableAdapter.call(Executors.java:539)
at java.base/java.util.concurrent.FutureTask.run(FutureTask.java:264)
at org.testng.internal.thread.graph.TestNGFutureTask.run(TestNGFutureTask.java:22)
at java.base/java.util.concurrent.ThreadPoolExecutor.runWorker(ThreadPoolExecutor.java:1136)
at java.base/java.util.concurrent.ThreadPoolExecutor$Worker.run(ThreadPoolExecutor.java:635)
at java.base/java.lang.Thread.run(Thread.java:833)
]]>
    </error>
  </testcase> <!-- setup -->
  <testcase classname="Testscripts.TestScenario1" name="initializeTestScenario" time="0.000">
    <skipped/>
  </testcase> <!-- initializeTestScenario -->
  <testcase classname="Testscripts.TestScenario1" name="initializeTestScenario" time="0.000">
    <skipped/>
  </testcase> <!-- initializeTestScenario -->
  <testcase classname="Testscripts.TestScenario1" name="initializeTestScenario" time="0.000">
    <skipped/>
  </testcase> <!-- initializeTestScenario -->
</testsuite> <!-- Testscripts.TestScenario1 -->
